[0.508s] Invoking command in '/home/ubuntu/ros2_ws/src/ros2_opencv': PYTHONPATH=/home/ubuntu/ros2_ws/build/ros2_opencv/prefix_override:/usr/lib/python3/dist-packages/colcon_core/task/python/colcon_distutils_commands:/home/ubuntu/ros2_ws/install/ros2_opencv/lib/python3.10/site-packages:${PYTHONPATH} /usr/bin/python3 -W ignore:setup.py install is deprecated -W ignore:easy_install command is deprecated setup.py egg_info --egg-base ../../build/ros2_opencv build --build-base /home/ubuntu/ros2_ws/build/ros2_opencv/build install --record /home/ubuntu/ros2_ws/build/ros2_opencv/install.log --single-version-externally-managed install_data
[0.715s] running egg_info
[0.716s] writing ../../build/ros2_opencv/ros2_opencv.egg-info/PKG-INFO
[0.716s] writing dependency_links to ../../build/ros2_opencv/ros2_opencv.egg-info/dependency_links.txt
[0.716s] writing entry points to ../../build/ros2_opencv/ros2_opencv.egg-info/entry_points.txt
[0.716s] writing requirements to ../../build/ros2_opencv/ros2_opencv.egg-info/requires.txt
[0.716s] writing top-level names to ../../build/ros2_opencv/ros2_opencv.egg-info/top_level.txt
[0.718s] reading manifest file '../../build/ros2_opencv/ros2_opencv.egg-info/SOURCES.txt'
[0.718s] writing manifest file '../../build/ros2_opencv/ros2_opencv.egg-info/SOURCES.txt'
[0.718s] running build
[0.719s] running build_py
[0.719s] running install
[0.719s] running install_lib
[0.720s] running install_data
[0.720s] running install_egg_info
[0.722s] removing '/home/ubuntu/ros2_ws/install/ros2_opencv/lib/python3.10/site-packages/ros2_opencv-0.0.0-py3.10.egg-info' (and everything under it)
[0.722s] Copying ../../build/ros2_opencv/ros2_opencv.egg-info to /home/ubuntu/ros2_ws/install/ros2_opencv/lib/python3.10/site-packages/ros2_opencv-0.0.0-py3.10.egg-info
[0.723s] running install_scripts
[0.741s] Installing publisher_node script to /home/ubuntu/ros2_ws/install/ros2_opencv/lib/ros2_opencv
[0.741s] Installing subscriber_node script to /home/ubuntu/ros2_ws/install/ros2_opencv/lib/ros2_opencv
[0.741s] writing list of installed files to '/home/ubuntu/ros2_ws/build/ros2_opencv/install.log'
[0.760s] Invoked command in '/home/ubuntu/ros2_ws/src/ros2_opencv' returned '0': PYTHONPATH=/home/ubuntu/ros2_ws/build/ros2_opencv/prefix_override:/usr/lib/python3/dist-packages/colcon_core/task/python/colcon_distutils_commands:/home/ubuntu/ros2_ws/install/ros2_opencv/lib/python3.10/site-packages:${PYTHONPATH} /usr/bin/python3 -W ignore:setup.py install is deprecated -W ignore:easy_install command is deprecated setup.py egg_info --egg-base ../../build/ros2_opencv build --build-base /home/ubuntu/ros2_ws/build/ros2_opencv/build install --record /home/ubuntu/ros2_ws/build/ros2_opencv/install.log --single-version-externally-managed install_data
