[1.106s] Invoking command in '/home/ubuntu/ros2_ws/src/usb_cam_example': PYTHONPATH=/home/ubuntu/ros2_ws/build/usb_cam_example/prefix_override:/usr/lib/python3/dist-packages/colcon_core/task/python/colcon_distutils_commands:/home/ubuntu/ros2_ws/install/usb_cam_example/lib/python3.10/site-packages:${PYTHONPATH} /usr/bin/python3 -W ignore:setup.py install is deprecated -W ignore:easy_install command is deprecated setup.py egg_info --egg-base ../../build/usb_cam_example build --build-base /home/ubuntu/ros2_ws/build/usb_cam_example/build install --record /home/ubuntu/ros2_ws/build/usb_cam_example/install.log --single-version-externally-managed install_data
[1.317s] running egg_info
[1.318s] creating ../../build/usb_cam_example/usb_cam_example.egg-info
[1.318s] writing ../../build/usb_cam_example/usb_cam_example.egg-info/PKG-INFO
[1.318s] writing dependency_links to ../../build/usb_cam_example/usb_cam_example.egg-info/dependency_links.txt
[1.318s] writing entry points to ../../build/usb_cam_example/usb_cam_example.egg-info/entry_points.txt
[1.318s] writing requirements to ../../build/usb_cam_example/usb_cam_example.egg-info/requires.txt
[1.318s] writing top-level names to ../../build/usb_cam_example/usb_cam_example.egg-info/top_level.txt
[1.319s] writing manifest file '../../build/usb_cam_example/usb_cam_example.egg-info/SOURCES.txt'
[1.320s] reading manifest file '../../build/usb_cam_example/usb_cam_example.egg-info/SOURCES.txt'
[1.321s] writing manifest file '../../build/usb_cam_example/usb_cam_example.egg-info/SOURCES.txt'
[1.321s] running build
[1.321s] running build_py
[1.321s] creating /home/ubuntu/ros2_ws/build/usb_cam_example/build
[1.321s] creating /home/ubuntu/ros2_ws/build/usb_cam_example/build/lib
[1.322s] creating /home/ubuntu/ros2_ws/build/usb_cam_example/build/lib/usb_cam_example
[1.322s] copying usb_cam_example/camera_publisher.py -> /home/ubuntu/ros2_ws/build/usb_cam_example/build/lib/usb_cam_example
[1.322s] copying usb_cam_example/__init__.py -> /home/ubuntu/ros2_ws/build/usb_cam_example/build/lib/usb_cam_example
[1.322s] copying usb_cam_example/camera_subscriber.py -> /home/ubuntu/ros2_ws/build/usb_cam_example/build/lib/usb_cam_example
[1.322s] running install
[1.322s] running install_lib
[1.322s] creating /home/ubuntu/ros2_ws/install/usb_cam_example/lib/python3.10/site-packages/usb_cam_example
[1.322s] copying /home/ubuntu/ros2_ws/build/usb_cam_example/build/lib/usb_cam_example/camera_publisher.py -> /home/ubuntu/ros2_ws/install/usb_cam_example/lib/python3.10/site-packages/usb_cam_example
[1.322s] copying /home/ubuntu/ros2_ws/build/usb_cam_example/build/lib/usb_cam_example/__init__.py -> /home/ubuntu/ros2_ws/install/usb_cam_example/lib/python3.10/site-packages/usb_cam_example
[1.323s] copying /home/ubuntu/ros2_ws/build/usb_cam_example/build/lib/usb_cam_example/camera_subscriber.py -> /home/ubuntu/ros2_ws/install/usb_cam_example/lib/python3.10/site-packages/usb_cam_example
[1.323s] byte-compiling /home/ubuntu/ros2_ws/install/usb_cam_example/lib/python3.10/site-packages/usb_cam_example/camera_publisher.py to camera_publisher.cpython-310.pyc
[1.324s] byte-compiling /home/ubuntu/ros2_ws/install/usb_cam_example/lib/python3.10/site-packages/usb_cam_example/__init__.py to __init__.cpython-310.pyc
[1.324s] byte-compiling /home/ubuntu/ros2_ws/install/usb_cam_example/lib/python3.10/site-packages/usb_cam_example/camera_subscriber.py to camera_subscriber.cpython-310.pyc
[1.324s] running install_data
[1.324s] creating /home/ubuntu/ros2_ws/install/usb_cam_example/share/ament_index
[1.324s] creating /home/ubuntu/ros2_ws/install/usb_cam_example/share/ament_index/resource_index
[1.324s] creating /home/ubuntu/ros2_ws/install/usb_cam_example/share/ament_index/resource_index/packages
[1.325s] copying resource/usb_cam_example -> /home/ubuntu/ros2_ws/install/usb_cam_example/share/ament_index/resource_index/packages
[1.325s] copying package.xml -> /home/ubuntu/ros2_ws/install/usb_cam_example/share/usb_cam_example
[1.325s] running install_egg_info
[1.326s] Copying ../../build/usb_cam_example/usb_cam_example.egg-info to /home/ubuntu/ros2_ws/install/usb_cam_example/lib/python3.10/site-packages/usb_cam_example-0.0.0-py3.10.egg-info
[1.327s] running install_scripts
[1.346s] Installing camera_publisher script to /home/ubuntu/ros2_ws/install/usb_cam_example/lib/usb_cam_example
[1.346s] Installing camera_subscriber script to /home/ubuntu/ros2_ws/install/usb_cam_example/lib/usb_cam_example
[1.346s] writing list of installed files to '/home/ubuntu/ros2_ws/build/usb_cam_example/install.log'
[1.366s] Invoked command in '/home/ubuntu/ros2_ws/src/usb_cam_example' returned '0': PYTHONPATH=/home/ubuntu/ros2_ws/build/usb_cam_example/prefix_override:/usr/lib/python3/dist-packages/colcon_core/task/python/colcon_distutils_commands:/home/ubuntu/ros2_ws/install/usb_cam_example/lib/python3.10/site-packages:${PYTHONPATH} /usr/bin/python3 -W ignore:setup.py install is deprecated -W ignore:easy_install command is deprecated setup.py egg_info --egg-base ../../build/usb_cam_example build --build-base /home/ubuntu/ros2_ws/build/usb_cam_example/build install --record /home/ubuntu/ros2_ws/build/usb_cam_example/install.log --single-version-externally-managed install_data
