[0.748s] Invoking command in '/home/ubuntu/ros2_ws/src/usb_cam_example': PYTHONPATH=/home/ubuntu/ros2_ws/build/usb_cam_example/prefix_override:/usr/lib/python3/dist-packages/colcon_core/task/python/colcon_distutils_commands:/home/ubuntu/ros2_ws/install/usb_cam_example/lib/python3.10/site-packages:${PYTHONPATH} /usr/bin/python3 -W ignore:setup.py install is deprecated -W ignore:easy_install command is deprecated setup.py egg_info --egg-base ../../build/usb_cam_example build --build-base /home/ubuntu/ros2_ws/build/usb_cam_example/build install --record /home/ubuntu/ros2_ws/build/usb_cam_example/install.log --single-version-externally-managed install_data
[0.956s] running egg_info
[0.957s] writing ../../build/usb_cam_example/usb_cam_example.egg-info/PKG-INFO
[0.957s] writing dependency_links to ../../build/usb_cam_example/usb_cam_example.egg-info/dependency_links.txt
[0.958s] writing entry points to ../../build/usb_cam_example/usb_cam_example.egg-info/entry_points.txt
[0.958s] writing requirements to ../../build/usb_cam_example/usb_cam_example.egg-info/requires.txt
[0.958s] writing top-level names to ../../build/usb_cam_example/usb_cam_example.egg-info/top_level.txt
[0.960s] reading manifest file '../../build/usb_cam_example/usb_cam_example.egg-info/SOURCES.txt'
[0.961s] writing manifest file '../../build/usb_cam_example/usb_cam_example.egg-info/SOURCES.txt'
[0.961s] running build
[0.961s] running build_py
[0.961s] running install
[0.961s] running install_lib
[0.963s] running install_data
[0.963s] running install_egg_info
[0.964s] removing '/home/ubuntu/ros2_ws/install/usb_cam_example/lib/python3.10/site-packages/usb_cam_example-0.0.0-py3.10.egg-info' (and everything under it)
[0.965s] Copying ../../build/usb_cam_example/usb_cam_example.egg-info to /home/ubuntu/ros2_ws/install/usb_cam_example/lib/python3.10/site-packages/usb_cam_example-0.0.0-py3.10.egg-info
[0.966s] running install_scripts
[0.985s] Installing camera_publisher script to /home/ubuntu/ros2_ws/install/usb_cam_example/lib/usb_cam_example
[0.985s] Installing camera_subscriber script to /home/ubuntu/ros2_ws/install/usb_cam_example/lib/usb_cam_example
[0.986s] writing list of installed files to '/home/ubuntu/ros2_ws/build/usb_cam_example/install.log'
[1.020s] Invoked command in '/home/ubuntu/ros2_ws/src/usb_cam_example' returned '0': PYTHONPATH=/home/ubuntu/ros2_ws/build/usb_cam_example/prefix_override:/usr/lib/python3/dist-packages/colcon_core/task/python/colcon_distutils_commands:/home/ubuntu/ros2_ws/install/usb_cam_example/lib/python3.10/site-packages:${PYTHONPATH} /usr/bin/python3 -W ignore:setup.py install is deprecated -W ignore:easy_install command is deprecated setup.py egg_info --egg-base ../../build/usb_cam_example build --build-base /home/ubuntu/ros2_ws/build/usb_cam_example/build install --record /home/ubuntu/ros2_ws/build/usb_cam_example/install.log --single-version-externally-managed install_data
